2026-06-18 08:23:58: ⨯ Failed to start server
2026-06-18 08:23:58: Error: listen EADDRINUSE: address already in use :::3002
2026-06-18 08:23:58:     at <unknown> (Error: listen EADDRINUSE: address already in use :::3002)
2026-06-18 08:23:58:     at new Promise (<anonymous>) {
2026-06-18 08:23:58:   code: 'EADDRINUSE',
2026-06-18 08:23:58:   errno: -98,
2026-06-18 08:23:58:   syscall: 'listen',
2026-06-18 08:23:58:   address: '::',
2026-06-18 08:23:58:   port: 3002
2026-06-18 08:23:58: }
2026-06-18 08:23:59: ⨯ Failed to start server
2026-06-18 08:23:59: Error: listen EADDRINUSE: address already in use :::3002
2026-06-18 08:23:59:     at <unknown> (Error: listen EADDRINUSE: address already in use :::3002)
2026-06-18 08:23:59:     at new Promise (<anonymous>) {
2026-06-18 08:23:59:   code: 'EADDRINUSE',
2026-06-18 08:23:59:   errno: -98,
2026-06-18 08:23:59:   syscall: 'listen',
2026-06-18 08:23:59:   address: '::',
2026-06-18 08:23:59:   port: 3002
2026-06-18 08:23:59: }
2026-06-18 08:23:59: ⨯ Failed to start server
2026-06-18 08:23:59: Error: listen EADDRINUSE: address already in use :::3002
2026-06-18 08:23:59:     at <unknown> (Error: listen EADDRINUSE: address already in use :::3002)
2026-06-18 08:23:59:     at new Promise (<anonymous>) {
2026-06-18 08:23:59:   code: 'EADDRINUSE',
2026-06-18 08:23:59:   errno: -98,
2026-06-18 08:23:59:   syscall: 'listen',
2026-06-18 08:23:59:   address: '::',
2026-06-18 08:23:59:   port: 3002
2026-06-18 08:23:59: }
2026-06-18 08:23:59: ⨯ Failed to start server
2026-06-18 08:23:59: Error: listen EADDRINUSE: address already in use :::3002
2026-06-18 08:23:59:     at <unknown> (Error: listen EADDRINUSE: address already in use :::3002)
2026-06-18 08:23:59:     at new Promise (<anonymous>) {
2026-06-18 08:23:59:   code: 'EADDRINUSE',
2026-06-18 08:23:59:   errno: -98,
2026-06-18 08:23:59:   syscall: 'listen',
2026-06-18 08:23:59:   address: '::',
2026-06-18 08:23:59:   port: 3002
2026-06-18 08:23:59: }
2026-06-18 08:24:00: ⨯ Failed to start server
2026-06-18 08:24:00: Error: listen EADDRINUSE: address already in use :::3002
2026-06-18 08:24:00:     at <unknown> (Error: listen EADDRINUSE: address already in use :::3002)
2026-06-18 08:24:00:     at new Promise (<anonymous>) {
2026-06-18 08:24:00:   code: 'EADDRINUSE',
2026-06-18 08:24:00:   errno: -98,
2026-06-18 08:24:00:   syscall: 'listen',
2026-06-18 08:24:00:   address: '::',
2026-06-18 08:24:00:   port: 3002
2026-06-18 08:24:00: }
2026-06-18 08:24:00: ⨯ Failed to start server
2026-06-18 08:24:00: Error: listen EADDRINUSE: address already in use :::3002
2026-06-18 08:24:00:     at <unknown> (Error: listen EADDRINUSE: address already in use :::3002)
2026-06-18 08:24:00:     at new Promise (<anonymous>) {
2026-06-18 08:24:00:   code: 'EADDRINUSE',
2026-06-18 08:24:00:   errno: -98,
2026-06-18 08:24:00:   syscall: 'listen',
2026-06-18 08:24:00:   address: '::',
2026-06-18 08:24:00:   port: 3002
2026-06-18 08:24:00: }
2026-06-18 08:24:01: ⨯ Failed to start server
2026-06-18 08:24:01: Error: listen EADDRINUSE: address already in use :::3002
2026-06-18 08:24:01:     at <unknown> (Error: listen EADDRINUSE: address already in use :::3002)
2026-06-18 08:24:01:     at new Promise (<anonymous>) {
2026-06-18 08:24:01:   code: 'EADDRINUSE',
2026-06-18 08:24:01:   errno: -98,
2026-06-18 08:24:01:   syscall: 'listen',
2026-06-18 08:24:01:   address: '::',
2026-06-18 08:24:01:   port: 3002
2026-06-18 08:24:01: }
2026-06-18 08:24:01: ⨯ Failed to start server
2026-06-18 08:24:01: Error: listen EADDRINUSE: address already in use :::3002
2026-06-18 08:24:01:     at <unknown> (Error: listen EADDRINUSE: address already in use :::3002)
2026-06-18 08:24:01:     at new Promise (<anonymous>) {
2026-06-18 08:24:01:   code: 'EADDRINUSE',
2026-06-18 08:24:01:   errno: -98,
2026-06-18 08:24:01:   syscall: 'listen',
2026-06-18 08:24:01:   address: '::',
2026-06-18 08:24:01:   port: 3002
2026-06-18 08:24:01: }
2026-06-18 08:24:01: ⨯ Failed to start server
2026-06-18 08:24:01: Error: listen EADDRINUSE: address already in use :::3002
2026-06-18 08:24:01:     at <unknown> (Error: listen EADDRINUSE: address already in use :::3002)
2026-06-18 08:24:01:     at new Promise (<anonymous>) {
2026-06-18 08:24:01:   code: 'EADDRINUSE',
2026-06-18 08:24:01:   errno: -98,
2026-06-18 08:24:01:   syscall: 'listen',
2026-06-18 08:24:01:   address: '::',
2026-06-18 08:24:01:   port: 3002
2026-06-18 08:24:01: }
2026-06-18 08:24:02: ⨯ Failed to start server
2026-06-18 08:24:02: Error: listen EADDRINUSE: address already in use :::3002
2026-06-18 08:24:02:     at <unknown> (Error: listen EADDRINUSE: address already in use :::3002)
2026-06-18 08:24:02:     at new Promise (<anonymous>) {
2026-06-18 08:24:02:   code: 'EADDRINUSE',
2026-06-18 08:24:02:   errno: -98,
2026-06-18 08:24:02:   syscall: 'listen',
2026-06-18 08:24:02:   address: '::',
2026-06-18 08:24:02:   port: 3002
2026-06-18 08:24:02: }
2026-06-18 08:24:02: ⨯ Failed to start server
2026-06-18 08:24:02: Error: listen EADDRINUSE: address already in use :::3002
2026-06-18 08:24:02:     at <unknown> (Error: listen EADDRINUSE: address already in use :::3002)
2026-06-18 08:24:02:     at new Promise (<anonymous>) {
2026-06-18 08:24:02:   code: 'EADDRINUSE',
2026-06-18 08:24:02:   errno: -98,
2026-06-18 08:24:02:   syscall: 'listen',
2026-06-18 08:24:02:   address: '::',
2026-06-18 08:24:02:   port: 3002
2026-06-18 08:24:02: }
2026-06-18 08:24:02: ⨯ Failed to start server
2026-06-18 08:24:02: Error: listen EADDRINUSE: address already in use :::3002
2026-06-18 08:24:02:     at <unknown> (Error: listen EADDRINUSE: address already in use :::3002)
2026-06-18 08:24:02:     at new Promise (<anonymous>) {
2026-06-18 08:24:02:   code: 'EADDRINUSE',
2026-06-18 08:24:02:   errno: -98,
2026-06-18 08:24:02:   syscall: 'listen',
2026-06-18 08:24:02:   address: '::',
2026-06-18 08:24:02:   port: 3002
2026-06-18 08:24:02: }
2026-06-18 08:24:03: ⨯ Failed to start server
2026-06-18 08:24:03: Error: listen EADDRINUSE: address already in use :::3002
2026-06-18 08:24:03:     at <unknown> (Error: listen EADDRINUSE: address already in use :::3002)
2026-06-18 08:24:03:     at new Promise (<anonymous>) {
2026-06-18 08:24:03:   code: 'EADDRINUSE',
2026-06-18 08:24:03:   errno: -98,
2026-06-18 08:24:03:   syscall: 'listen',
2026-06-18 08:24:03:   address: '::',
2026-06-18 08:24:03:   port: 3002
2026-06-18 08:24:03: }
2026-06-18 08:24:03: ⨯ Failed to start server
2026-06-18 08:24:03: Error: listen EADDRINUSE: address already in use :::3002
2026-06-18 08:24:03:     at <unknown> (Error: listen EADDRINUSE: address already in use :::3002)
2026-06-18 08:24:03:     at new Promise (<anonymous>) {
2026-06-18 08:24:03:   code: 'EADDRINUSE',
2026-06-18 08:24:03:   errno: -98,
2026-06-18 08:24:03:   syscall: 'listen',
2026-06-18 08:24:03:   address: '::',
2026-06-18 08:24:03:   port: 3002
2026-06-18 08:24:03: }
2026-06-18 08:24:03: ⨯ Failed to start server
2026-06-18 08:24:03: Error: listen EADDRINUSE: address already in use :::3002
2026-06-18 08:24:03:     at <unknown> (Error: listen EADDRINUSE: address already in use :::3002)
2026-06-18 08:24:03:     at new Promise (<anonymous>) {
2026-06-18 08:24:03:   code: 'EADDRINUSE',
2026-06-18 08:24:03:   errno: -98,
2026-06-18 08:24:03:   syscall: 'listen',
2026-06-18 08:24:03:   address: '::',
2026-06-18 08:24:03:   port: 3002
2026-06-18 08:24:03: }
2026-06-18 08:24:04: ⨯ Failed to start server
2026-06-18 08:24:04: Error: listen EADDRINUSE: address already in use :::3002
2026-06-18 08:24:04:     at <unknown> (Error: listen EADDRINUSE: address already in use :::3002)
2026-06-18 08:24:04:     at new Promise (<anonymous>) {
2026-06-18 08:24:04:   code: 'EADDRINUSE',
2026-06-18 08:24:04:   errno: -98,
2026-06-18 08:24:04:   syscall: 'listen',
2026-06-18 08:24:04:   address: '::',
2026-06-18 08:24:04:   port: 3002
2026-06-18 08:24:04: }
2026-06-18 08:24:04: ⨯ Failed to start server
2026-06-18 08:24:04: Error: listen EADDRINUSE: address already in use :::3002
2026-06-18 08:24:04:     at <unknown> (Error: listen EADDRINUSE: address already in use :::3002)
2026-06-18 08:24:04:     at new Promise (<anonymous>) {
2026-06-18 08:24:04:   code: 'EADDRINUSE',
2026-06-18 08:24:04:   errno: -98,
2026-06-18 08:24:04:   syscall: 'listen',
2026-06-18 08:24:04:   address: '::',
2026-06-18 08:24:04:   port: 3002
2026-06-18 08:24:04: }
2026-06-18 08:24:05: ⨯ Failed to start server
2026-06-18 08:24:05: Error: listen EADDRINUSE: address already in use :::3002
2026-06-18 08:24:05:     at <unknown> (Error: listen EADDRINUSE: address already in use :::3002)
2026-06-18 08:24:05:     at new Promise (<anonymous>) {
2026-06-18 08:24:05:   code: 'EADDRINUSE',
2026-06-18 08:24:05:   errno: -98,
2026-06-18 08:24:05:   syscall: 'listen',
2026-06-18 08:24:05:   address: '::',
2026-06-18 08:24:05:   port: 3002
2026-06-18 08:24:05: }
2026-06-18 08:24:05: ⨯ Failed to start server
2026-06-18 08:24:05: Error: listen EADDRINUSE: address already in use :::3002
2026-06-18 08:24:05:     at <unknown> (Error: listen EADDRINUSE: address already in use :::3002)
2026-06-18 08:24:05:     at new Promise (<anonymous>) {
2026-06-18 08:24:05:   code: 'EADDRINUSE',
2026-06-18 08:24:05:   errno: -98,
2026-06-18 08:24:05:   syscall: 'listen',
2026-06-18 08:24:05:   address: '::',
2026-06-18 08:24:05:   port: 3002
2026-06-18 08:24:05: }
2026-06-18 08:24:05: ⨯ Failed to start server
2026-06-18 08:24:05: Error: listen EADDRINUSE: address already in use :::3002
2026-06-18 08:24:05:     at <unknown> (Error: listen EADDRINUSE: address already in use :::3002)
2026-06-18 08:24:05:     at new Promise (<anonymous>) {
2026-06-18 08:24:05:   code: 'EADDRINUSE',
2026-06-18 08:24:05:   errno: -98,
2026-06-18 08:24:05:   syscall: 'listen',
2026-06-18 08:24:05:   address: '::',
2026-06-18 08:24:05:   port: 3002
2026-06-18 08:24:05: }
2026-06-18 08:24:06: ⨯ Failed to start server
2026-06-18 08:24:06: Error: listen EADDRINUSE: address already in use :::3002
2026-06-18 08:24:06:     at <unknown> (Error: listen EADDRINUSE: address already in use :::3002)
2026-06-18 08:24:06:     at new Promise (<anonymous>) {
2026-06-18 08:24:06:   code: 'EADDRINUSE',
2026-06-18 08:24:06:   errno: -98,
2026-06-18 08:24:06:   syscall: 'listen',
2026-06-18 08:24:06:   address: '::',
2026-06-18 08:24:06:   port: 3002
2026-06-18 08:24:06: }
2026-06-18 08:24:06: ⨯ Failed to start server
2026-06-18 08:24:06: Error: listen EADDRINUSE: address already in use :::3002
2026-06-18 08:24:06:     at <unknown> (Error: listen EADDRINUSE: address already in use :::3002)
2026-06-18 08:24:06:     at new Promise (<anonymous>) {
2026-06-18 08:24:06:   code: 'EADDRINUSE',
2026-06-18 08:24:06:   errno: -98,
2026-06-18 08:24:06:   syscall: 'listen',
2026-06-18 08:24:06:   address: '::',
2026-06-18 08:24:06:   port: 3002
2026-06-18 08:24:06: }
2026-06-18 08:24:06: ⨯ Failed to start server
2026-06-18 08:24:06: Error: listen EADDRINUSE: address already in use :::3002
2026-06-18 08:24:06:     at <unknown> (Error: listen EADDRINUSE: address already in use :::3002)
2026-06-18 08:24:06:     at new Promise (<anonymous>) {
2026-06-18 08:24:06:   code: 'EADDRINUSE',
2026-06-18 08:24:06:   errno: -98,
2026-06-18 08:24:06:   syscall: 'listen',
2026-06-18 08:24:06:   address: '::',
2026-06-18 08:24:06:   port: 3002
2026-06-18 08:24:06: }
2026-06-18 08:24:07: ⨯ Failed to start server
2026-06-18 08:24:07: Error: listen EADDRINUSE: address already in use :::3002
2026-06-18 08:24:07:     at <unknown> (Error: listen EADDRINUSE: address already in use :::3002)
2026-06-18 08:24:07:     at new Promise (<anonymous>) {
2026-06-18 08:24:07:   code: 'EADDRINUSE',
2026-06-18 08:24:07:   errno: -98,
2026-06-18 08:24:07:   syscall: 'listen',
2026-06-18 08:24:07:   address: '::',
2026-06-18 08:24:07:   port: 3002
2026-06-18 08:24:07: }
2026-06-18 08:24:07: ⨯ Failed to start server
2026-06-18 08:24:07: Error: listen EADDRINUSE: address already in use :::3002
2026-06-18 08:24:07:     at <unknown> (Error: listen EADDRINUSE: address already in use :::3002)
2026-06-18 08:24:07:     at new Promise (<anonymous>) {
2026-06-18 08:24:07:   code: 'EADDRINUSE',
2026-06-18 08:24:07:   errno: -98,
2026-06-18 08:24:07:   syscall: 'listen',
2026-06-18 08:24:07:   address: '::',
2026-06-18 08:24:07:   port: 3002
2026-06-18 08:24:07: }
2026-06-18 08:24:07: ⨯ Failed to start server
2026-06-18 08:24:07: Error: listen EADDRINUSE: address already in use :::3002
2026-06-18 08:24:07:     at <unknown> (Error: listen EADDRINUSE: address already in use :::3002)
2026-06-18 08:24:07:     at new Promise (<anonymous>) {
2026-06-18 08:24:07:   code: 'EADDRINUSE',
2026-06-18 08:24:07:   errno: -98,
2026-06-18 08:24:07:   syscall: 'listen',
2026-06-18 08:24:07:   address: '::',
2026-06-18 08:24:07:   port: 3002
2026-06-18 08:24:07: }
2026-06-18 08:24:08: ⨯ Failed to start server
2026-06-18 08:24:08: Error: listen EADDRINUSE: address already in use :::3002
2026-06-18 08:24:08:     at <unknown> (Error: listen EADDRINUSE: address already in use :::3002)
2026-06-18 08:24:08:     at new Promise (<anonymous>) {
2026-06-18 08:24:08:   code: 'EADDRINUSE',
2026-06-18 08:24:08:   errno: -98,
2026-06-18 08:24:08:   syscall: 'listen',
2026-06-18 08:24:08:   address: '::',
2026-06-18 08:24:08:   port: 3002
2026-06-18 08:24:08: }
2026-06-18 08:24:08: ⨯ Failed to start server
2026-06-18 08:24:08: Error: listen EADDRINUSE: address already in use :::3002
2026-06-18 08:24:08:     at <unknown> (Error: listen EADDRINUSE: address already in use :::3002)
2026-06-18 08:24:08:     at new Promise (<anonymous>) {
2026-06-18 08:24:08:   code: 'EADDRINUSE',
2026-06-18 08:24:08:   errno: -98,
2026-06-18 08:24:08:   syscall: 'listen',
2026-06-18 08:24:08:   address: '::',
2026-06-18 08:24:08:   port: 3002
2026-06-18 08:24:08: }
2026-06-18 08:24:09: ⨯ Failed to start server
2026-06-18 08:24:09: Error: listen EADDRINUSE: address already in use :::3002
2026-06-18 08:24:09:     at <unknown> (Error: listen EADDRINUSE: address already in use :::3002)
2026-06-18 08:24:09:     at new Promise (<anonymous>) {
2026-06-18 08:24:09:   code: 'EADDRINUSE',
2026-06-18 08:24:09:   errno: -98,
2026-06-18 08:24:09:   syscall: 'listen',
2026-06-18 08:24:09:   address: '::',
2026-06-18 08:24:09:   port: 3002
2026-06-18 08:24:09: }
2026-06-18 08:24:09: ⨯ Failed to start server
2026-06-18 08:24:09: Error: listen EADDRINUSE: address already in use :::3002
2026-06-18 08:24:09:     at <unknown> (Error: listen EADDRINUSE: address already in use :::3002)
2026-06-18 08:24:09:     at new Promise (<anonymous>) {
2026-06-18 08:24:09:   code: 'EADDRINUSE',
2026-06-18 08:24:09:   errno: -98,
2026-06-18 08:24:09:   syscall: 'listen',
2026-06-18 08:24:09:   address: '::',
2026-06-18 08:24:09:   port: 3002
2026-06-18 08:24:09: }
2026-06-18 08:24:09: ⨯ Failed to start server
2026-06-18 08:24:09: Error: listen EADDRINUSE: address already in use :::3002
2026-06-18 08:24:09:     at <unknown> (Error: listen EADDRINUSE: address already in use :::3002)
2026-06-18 08:24:09:     at new Promise (<anonymous>) {
2026-06-18 08:24:09:   code: 'EADDRINUSE',
2026-06-18 08:24:09:   errno: -98,
2026-06-18 08:24:09:   syscall: 'listen',
2026-06-18 08:24:09:   address: '::',
2026-06-18 08:24:09:   port: 3002
2026-06-18 08:24:09: }
2026-06-18 08:24:10: ⨯ Failed to start server
2026-06-18 08:24:10: Error: listen EADDRINUSE: address already in use :::3002
2026-06-18 08:24:10:     at <unknown> (Error: listen EADDRINUSE: address already in use :::3002)
2026-06-18 08:24:10:     at new Promise (<anonymous>) {
2026-06-18 08:24:10:   code: 'EADDRINUSE',
2026-06-18 08:24:10:   errno: -98,
2026-06-18 08:24:10:   syscall: 'listen',
2026-06-18 08:24:10:   address: '::',
2026-06-18 08:24:10:   port: 3002
2026-06-18 08:24:10: }
